<?xml version="1.0" encoding="UTF-8"?>
<!-- Generated by org.testng.reporters.JUnitXMLReporter -->
<testsuite hostname="DESKTOP-VVM4OU5" ignored="0" name="Default test" tests="6" failures="0" timestamp="2022-11-24T19:41:54 IST" time="22.837" errors="0">
  <testcase name="launchTheUrl" time="7.388" classname="com.testng.Myntra"/>
  <testcase name="menAndTshirt" time="6.736" classname="com.testng.Myntra"/>
  <testcase name="getNoOfProducts" time="0.089" classname="com.testng.Myntra"/>
  <testcase name="kidsAndTshirt" time="6.578" classname="com.testng.Myntra"/>
  <testcase name="minimumPriceOfTheProduct" time="1.959" classname="com.testng.Myntra"/>
  <testcase name="brandNameOfProduct" time="0.041" classname="com.testng.Myntra"/>
</testsuite> <!-- Default test -->
